['FETCH', 'SYMBOL']
['FETCH', 'OHCL', '2017-01-01', 'LASTCLOSEDTRADEDAY']
['FETCH', 'TICK', 'LASTCLOSEDTRADEDAY']
Updating Shanghai Stock Exchange List
Updating Shenzhen Stock Exchange List
/usr/lib/python3/dist-packages/urllib3/connectionpool.py:794: InsecureRequestWarning: Unverified HTTPS request is being made. Adding certificate verification is strongly advised. See: https://urllib3.readthedocs.org/en/latest/security.html
  InsecureRequestWarning)
2018-01-29
['2018-01-29']
['SCRIPT', 'ma']
['SCRIPT', 'candle_stick_shape_analysis']
['SCRIPT', 'inflow']
['MERGE', 'day_quotes/china&ma&candle_stick_shape_analysis&inflow', 'summary', 'date']
['SLICE', 'summary', 'summary', 'LASTCLOSEDTRADEDAY', 'FALSE']
['NAIVESCORE', 'LASTCLOSEDTRADEDAY']
['NAIVETICKSUMMARY', 'LASTCLOSEDTRADEDAY']
Parallel level: FOLDER
Input path: /home/zhangzhao/data/stockdata/day_quotes/china
 Output path: /home/zhangzhao/data/stockdata/qa/ma
 Output cols: ['date', 'open', 'high', 'close', 'low', 'ma5', 'ma10', 'ma20', 'PREV_TURNOVER', 'MAALIGNUPWARD', 'MAALIGNDOWNWARD', 'GOLDCROSS510', 'GOLDCROSS520', 'GOLDCROSS1020', 'LOSECROSS510', 'LOSECROSS520', 'LOSECROSS1020', 'GOLDVALLEY', 'LOSEVALLEY', 'DRAGONOUT', 'LOSEEVERYTHING']
Parallel level: FOLDER
Input path: /home/zhangzhao/data/stockdata/qa/ma
 Output path: /home/zhangzhao/data/stockdata/qa/candle_stick_shape_analysis
 Output cols: ['date', 'YIN', 'YANG', 'LARGEYANG', 'MIDYANG', 'SMALLYANG', 'LARGEYIN', 'MIDYIN', 'SMALLYIN', 'BOXHIGH', 'BOXLOW', 'BOXLENGTH', 'UPPERSHADOW', 'LOWERSHADOW', 'CROSS', 'TSHAPE', 'REVERSETSHAPE', 'ONESHAPE', 'JUMPHIGHOPEN', 'JUMPLOWOPEN', 'LARGEK', 'MIDK', 'SMALLK', 'MORNINGCROSS', 'MORNINGSTAR', 'FRIENDLYFIRE', 'HOPEOFDAWN', 'RAISINGSUN', 'REVERSEHAMMER', 'HAMMER', 'FLATFLOOR', 'CONTINUETHREEJUMPYIN', 'TRIPLEREDARMY', 'UPWARDTWOSTARS', 'JUMPUPWARD', 'JUMPUPWARDYANG', 'JUMPDOWNWARDTHREESTARS', 'TRIPLEUPWARDS', 'TWOREDONEBLACK', 'TWILICROSS', 'TWILISTAR', 'FRIENDLYPUSHBACK', 'INCOMINGCLOUDS', 'HEAVYRAIN', 'SHOOTINGSTAR', 'HANGWIRE', 'FLATROOF', 'DOUBLECROWS', 'TRIPLECROWS', 'HEADSFEETYIN', 'HEADSFEETYANG', 'DOWNWARDCOVER', 'TRIPLEBLKARMY', 'MILDDOWNWARDS', 'RUSHINGAWAY', 'DOWNWARDTRIPLESTARS', 'DOWNWARDTRIPLESWANS', 'TRIPLEDOWNWARDSYANG', 'JUMPHIGHTRIPLEYANG', 'UPWARDRESISTENCE', 'UPWARDPAUSE', 'LAMPYANG', 'BLKREDBLK', 'LONGCROSS', 'PROPELLER', 'EOFUPWARD', 'EOFDOWNWARD', 'PREGNANTYANG', 'PREGNANTYIN']
Parallel level: FOLDER
Input path: /home/zhangzhao/data/stockdata/day_quotes/china
 Output path: /home/zhangzhao/data/stockdata/qa/inflow
 Output cols: ['date', 'AMOUNT_MA5', 'AMOUNT_MA10', 'AMOUNT_MA20', 'AVE_PRICE_DAY', 'AVE_AMOUNT_DAY', 'DIFF_AMOUNT_ONE_DAY', 'PREV_DIFF_AMOUNT_ONE_DAY', 'PREV_2_DIFF_AMOUNT_ONE_DAY', 'PREV_3_DIFF_AMOUNT_ONE_DAY', 'PREV_4_DIFF_AMOUNT_ONE_DAY', 'PREV_5_DIFF_AMOUNT_ONE_DAY', 'PREV_6_DIFF_AMOUNT_ONE_DAY', 'PREV_7_DIFF_AMOUNT_ONE_DAY', 'PREV_8_DIFF_AMOUNT_ONE_DAY', 'PREV_9_DIFF_AMOUNT_ONE_DAY', 'PREV_10_DIFF_AMOUNT_ONE_DAY', 'PREV_11_DIFF_AMOUNT_ONE_DAY', 'PREV_12_DIFF_AMOUNT_ONE_DAY', 'PREV_13_DIFF_AMOUNT_ONE_DAY', 'PREV_14_DIFF_AMOUNT_ONE_DAY', 'PREV_15_DIFF_AMOUNT_ONE_DAY', 'INFLOW_5', 'INFLOW_10', 'INFLOW_20', 'INFLOW_5_10', 'INFLOW_5_20', 'AMOUNT_SCALAR']
/home/zhangzhao/data/stock/analysis/tick/naive_summary.py:25: RuntimeWarning: invalid value encountered in true_divide
  ave_price = data['amount'].sum() / data['volume'].sum() / 100
/home/zhangzhao/data/stock/analysis/tick/naive_summary.py:25: RuntimeWarning: invalid value encountered in true_divide
  ave_price = data['amount'].sum() / data['volume'].sum() / 100
/home/zhangzhao/data/stock/analysis/tick/naive_summary.py:25: RuntimeWarning: invalid value encountered in true_divide
  ave_price = data['amount'].sum() / data['volume'].sum() / 100
/home/zhangzhao/data/stock/analysis/tick/naive_summary.py:25: RuntimeWarning: invalid value encountered in true_divide
  ave_price = data['amount'].sum() / data['volume'].sum() / 100
/home/zhangzhao/data/stock/analysis/tick/naive_summary.py:25: RuntimeWarning: invalid value encountered in true_divide
  ave_price = data['amount'].sum() / data['volume'].sum() / 100
/home/zhangzhao/data/stock/analysis/tick/naive_summary.py:25: RuntimeWarning: invalid value encountered in true_divide
  ave_price = data['amount'].sum() / data['volume'].sum() / 100
/home/zhangzhao/data/stock/analysis/tick/naive_summary.py:25: RuntimeWarning: invalid value encountered in true_divide
  ave_price = data['amount'].sum() / data['volume'].sum() / 100
/home/zhangzhao/data/stock/analysis/tick/naive_summary.py:25: RuntimeWarning: invalid value encountered in true_divide
  ave_price = data['amount'].sum() / data['volume'].sum() / 100
['SCRIPT', 'inflow']
['MERGE', 'day_quotes/china&inflow', 'analysis_v2', 'date']
['SLICE', 'analysis_v2', 'analysis_v2', 'LASTCLOSEDTRADEDAY', 'TRUE']
Parallel level: FOLDER
Input path: /home/zhangzhao/data/stockdata/day_quotes/china
 Output path: /home/zhangzhao/data/stockdata/qa/inflow
 Output cols: ['date', 'AMOUNT_MA5', 'AMOUNT_MA10', 'AMOUNT_MA20', 'AVE_PRICE_DAY', 'AVE_AMOUNT_DAY', 'DIFF_AMOUNT_ONE_DAY', 'PREV_DIFF_AMOUNT_ONE_DAY', 'PREV_2_DIFF_AMOUNT_ONE_DAY', 'PREV_3_DIFF_AMOUNT_ONE_DAY', 'PREV_4_DIFF_AMOUNT_ONE_DAY', 'PREV_5_DIFF_AMOUNT_ONE_DAY', 'PREV_6_DIFF_AMOUNT_ONE_DAY', 'PREV_7_DIFF_AMOUNT_ONE_DAY', 'PREV_8_DIFF_AMOUNT_ONE_DAY', 'PREV_9_DIFF_AMOUNT_ONE_DAY', 'PREV_10_DIFF_AMOUNT_ONE_DAY', 'PREV_11_DIFF_AMOUNT_ONE_DAY', 'PREV_12_DIFF_AMOUNT_ONE_DAY', 'PREV_13_DIFF_AMOUNT_ONE_DAY', 'PREV_14_DIFF_AMOUNT_ONE_DAY', 'PREV_15_DIFF_AMOUNT_ONE_DAY', 'INFLOW_5', 'INFLOW_10', 'INFLOW_20', 'INFLOW_5_10', 'INFLOW_5_20', 'AMOUNT_SCALAR']
['MERGE', 'day_quotes/china&naive_summary/china', 'DQNS', 'date']
['SCRIPT', 'anomaly1']
['SLICE', 'anomaly', 'anomaly', 'LASTCLOSEDTRADEDAY', 'TRUE']
Parallel level: FOLDER
Input path: /home/zhangzhao/data/stockdata/qa/DQNS
 Output path: /home/zhangzhao/data/stockdata/qa/anomaly
 Output cols: ['date', 'symbol', 'name', 'SBPD', 'SSPU']
  adding: summary_2018-01-29_turnover.csv (deflated 55%)
  adding: summary_2018-01-29_amount.csv (deflated 53%)
  adding: analysis_v2_2018-01-29.csv (deflated 54%)
  adding: anomaly_2018-01-29.csv (deflated 77%)
